  ProjectMenu.cpp
C:\Users\hetur\OneDrive\Työpöytä\Cpp_Projektit\CppConsoleProjects\CppConsoleProjects\ConsoleFPS.h(49,12): warning C4305: 'initializing': truncation from 'double' to 'float'
C:\Users\hetur\OneDrive\Työpöytä\Cpp_Projektit\CppConsoleProjects\CppConsoleProjects\ConsoleEngine.h(327,1): warning C4267: 'initializing': conversion from 'size_t' to 'int', possible loss of data
C:\Users\hetur\OneDrive\Työpöytä\Cpp_Projektit\CppConsoleProjects\CppConsoleProjects\Asteroids.h(95,22): warning C4244: 'argument': conversion from 'int' to 'float', possible loss of data
C:\Users\hetur\OneDrive\Työpöytä\Cpp_Projektit\CppConsoleProjects\CppConsoleProjects\Asteroids.h(95,19): warning C4244: 'argument': conversion from 'int' to 'float', possible loss of data
C:\Users\hetur\OneDrive\Työpöytä\Cpp_Projektit\CppConsoleProjects\CppConsoleProjects\Asteroids.h(96,33): warning C4244: 'argument': conversion from 'float' to 'int', possible loss of data
C:\Users\hetur\OneDrive\Työpöytä\Cpp_Projektit\CppConsoleProjects\CppConsoleProjects\Asteroids.h(96,23): warning C4244: 'argument': conversion from 'float' to 'int', possible loss of data
C:\Users\hetur\OneDrive\Työpöytä\Cpp_Projektit\CppConsoleProjects\CppConsoleProjects\ImprovedConsoleFPS.h(41,12): warning C4305: 'initializing': truncation from 'double' to 'float'
C:\Users\hetur\OneDrive\Työpöytä\Cpp_Projektit\CppConsoleProjects\CppConsoleProjects\ColoredConsoleFPS.h(41,12): warning C4305: 'initializing': truncation from 'double' to 'float'
  Splines.cpp
C:\Users\hetur\OneDrive\Työpöytä\Cpp_Projektit\CppConsoleProjects\CppConsoleProjects\ConsoleEngine.h(327,1): warning C4267: 'initializing': conversion from 'size_t' to 'int', possible loss of data
C:\Users\hetur\OneDrive\Työpöytä\Cpp_Projektit\CppConsoleProjects\CppConsoleProjects\Splines.cpp(44,42): warning C4267: '=': conversion from 'size_t' to 'int', possible loss of data
C:\Users\hetur\OneDrive\Työpöytä\Cpp_Projektit\CppConsoleProjects\CppConsoleProjects\Splines.cpp(67,13): warning C4244: 'initializing': conversion from 'float' to 'int', possible loss of data
C:\Users\hetur\OneDrive\Työpöytä\Cpp_Projektit\CppConsoleProjects\CppConsoleProjects\Splines.cpp(67,35): warning C4244: '+=': conversion from 'float' to 'int', possible loss of data
C:\Users\hetur\OneDrive\Työpöytä\Cpp_Projektit\CppConsoleProjects\CppConsoleProjects\Splines.cpp(69,32): warning C4244: 'argument': conversion from 'int' to 'float', possible loss of data
C:\Users\hetur\OneDrive\Työpöytä\Cpp_Projektit\CppConsoleProjects\CppConsoleProjects\Splines.cpp(70,22): warning C4244: 'argument': conversion from 'float' to 'int', possible loss of data
C:\Users\hetur\OneDrive\Työpöytä\Cpp_Projektit\CppConsoleProjects\CppConsoleProjects\Splines.cpp(70,13): warning C4244: 'argument': conversion from 'float' to 'int', possible loss of data
C:\Users\hetur\OneDrive\Työpöytä\Cpp_Projektit\CppConsoleProjects\CppConsoleProjects\Splines.cpp(76,90): warning C4244: 'argument': conversion from 'float' to 'int', possible loss of data
C:\Users\hetur\OneDrive\Työpöytä\Cpp_Projektit\CppConsoleProjects\CppConsoleProjects\Splines.cpp(76,68): warning C4244: 'argument': conversion from 'float' to 'int', possible loss of data
C:\Users\hetur\OneDrive\Työpöytä\Cpp_Projektit\CppConsoleProjects\CppConsoleProjects\Splines.cpp(76,46): warning C4244: 'argument': conversion from 'float' to 'int', possible loss of data
C:\Users\hetur\OneDrive\Työpöytä\Cpp_Projektit\CppConsoleProjects\CppConsoleProjects\Splines.cpp(76,25): warning C4244: 'argument': conversion from 'float' to 'int', possible loss of data
C:\Users\hetur\OneDrive\Työpöytä\Cpp_Projektit\CppConsoleProjects\CppConsoleProjects\Splines.cpp(77,46): warning C4244: 'argument': conversion from 'float' to 'int', possible loss of data
C:\Users\hetur\OneDrive\Työpöytä\Cpp_Projektit\CppConsoleProjects\CppConsoleProjects\Splines.cpp(77,28): warning C4244: 'argument': conversion from 'float' to 'int', possible loss of data
C:\Users\hetur\OneDrive\Työpöytä\Cpp_Projektit\CppConsoleProjects\CppConsoleProjects\Splines.cpp(79,138): warning C4244: 'argument': conversion from 'float' to 'int', possible loss of data
C:\Users\hetur\OneDrive\Työpöytä\Cpp_Projektit\CppConsoleProjects\CppConsoleProjects\Splines.cpp(79,104): warning C4244: 'argument': conversion from 'float' to 'int', possible loss of data
C:\Users\hetur\OneDrive\Työpöytä\Cpp_Projektit\CppConsoleProjects\CppConsoleProjects\Splines.cpp(79,70): warning C4244: 'argument': conversion from 'float' to 'int', possible loss of data
C:\Users\hetur\OneDrive\Työpöytä\Cpp_Projektit\CppConsoleProjects\CppConsoleProjects\Splines.cpp(79,36): warning C4244: 'argument': conversion from 'float' to 'int', possible loss of data
C:\Users\hetur\OneDrive\Työpöytä\Cpp_Projektit\CppConsoleProjects\CppConsoleProjects\Splines.cpp(80,69): warning C4244: 'argument': conversion from 'float' to 'int', possible loss of data
C:\Users\hetur\OneDrive\Työpöytä\Cpp_Projektit\CppConsoleProjects\CppConsoleProjects\Splines.cpp(80,39): warning C4244: 'argument': conversion from 'float' to 'int', possible loss of data
  Generating code
  2 of 662 functions ( 0.3%) were compiled, the rest were copied from previous compilation.
    0 functions were new in current compilation
    0 functions had inline decision re-evaluated but remain unchanged
  Finished generating code
  CppConsoleProjects.vcxproj -> C:\Users\hetur\OneDrive\Työpöytä\Cpp_Projektit\CppConsoleProjects\x64\Release\CppConsoleProjects.exe
