d:\projects\cpp_projects\cppconsoleprojects\cppconsoleprojects\x64\release\vc143.pdb
d:\projects\cpp_projects\cppconsoleprojects\cppconsoleprojects\x64\release\worms.obj
d:\projects\cpp_projects\cppconsoleprojects\cppconsoleprojects\x64\release\splines.obj
d:\projects\cpp_projects\cppconsoleprojects\cppconsoleprojects\x64\release\racing.obj
d:\projects\cpp_projects\cppconsoleprojects\cppconsoleprojects\x64\release\projectmenu.obj
d:\projects\cpp_projects\cppconsoleprojects\cppconsoleprojects\x64\release\improvedconsolefps.obj
d:\projects\cpp_projects\cppconsoleprojects\cppconsoleprojects\x64\release\consolefps.obj
d:\projects\cpp_projects\cppconsoleprojects\cppconsoleprojects\x64\release\coloredconsolefps.obj
d:\projects\cpp_projects\cppconsoleprojects\cppconsoleprojects\x64\release\asteroids.obj
d:\projects\cpp_projects\cppconsoleprojects\cppconsoleprojects\x64\release\consoleengine3d.obj
d:\projects\cpp_projects\cppconsoleprojects\x64\release\cppconsoleprojects.exe
d:\projects\cpp_projects\cppconsoleprojects\cppconsoleprojects\x64\release\cppconsoleprojects.ipdb
d:\projects\cpp_projects\cppconsoleprojects\x64\release\cppconsoleprojects.pdb
d:\projects\cpp_projects\cppconsoleprojects\cppconsoleprojects\x64\release\cppconsoleprojects.iobj
d:\projects\cpp_projects\cppconsoleprojects\cppconsoleprojects\x64\release\cppconso.65b4620a.tlog\cl.command.1.tlog
d:\projects\cpp_projects\cppconsoleprojects\cppconsoleprojects\x64\release\cppconso.65b4620a.tlog\cl.read.1.tlog
d:\projects\cpp_projects\cppconsoleprojects\cppconsoleprojects\x64\release\cppconso.65b4620a.tlog\cl.write.1.tlog
d:\projects\cpp_projects\cppconsoleprojects\cppconsoleprojects\x64\release\cppconso.65b4620a.tlog\link.command.1.tlog
d:\projects\cpp_projects\cppconsoleprojects\cppconsoleprojects\x64\release\cppconso.65b4620a.tlog\link.read.1.tlog
d:\projects\cpp_projects\cppconsoleprojects\cppconsoleprojects\x64\release\cppconso.65b4620a.tlog\link.write.1.tlog
