c:\users\hetur\onedrive\työpöytä\cpp_projektit\cppconsoleprojects\cppconsoleprojects\x64\debug\vc143.pdb
c:\users\hetur\onedrive\työpöytä\cpp_projektit\cppconsoleprojects\cppconsoleprojects\x64\debug\vc143.idb
c:\users\hetur\onedrive\työpöytä\cpp_projektit\cppconsoleprojects\cppconsoleprojects\x64\debug\demo.obj
c:\users\hetur\onedrive\työpöytä\cpp_projektit\cppconsoleprojects\cppconsoleprojects\x64\debug\cppconsoleprojects.obj
c:\users\hetur\onedrive\työpöytä\cpp_projektit\cppconsoleprojects\cppconsoleprojects\x64\debug\consolefps.obj
c:\users\hetur\onedrive\työpöytä\cpp_projektit\cppconsoleprojects\cppconsoleprojects\x64\debug\asteroids.obj
c:\users\hetur\onedrive\työpöytä\cpp_projektit\cppconsoleprojects\cppconsoleprojects\x64\debug\projectmenu.obj
c:\users\hetur\onedrive\työpöytä\cpp_projektit\cppconsoleprojects\cppconsoleprojects\x64\debug\racing.obj
c:\users\hetur\onedrive\työpöytä\cpp_projektit\cppconsoleprojects\cppconsoleprojects\x64\debug\improvedconsolefps.obj
c:\users\hetur\onedrive\työpöytä\cpp_projektit\cppconsoleprojects\x64\debug\cppconsoleprojects.exe
c:\users\hetur\onedrive\työpöytä\cpp_projektit\cppconsoleprojects\cppconsoleprojects\x64\debug\cppconsoleprojects.ilk
c:\users\hetur\onedrive\työpöytä\cpp_projektit\cppconsoleprojects\x64\debug\cppconsoleprojects.pdb
c:\users\hetur\onedrive\työpöytä\cpp_projektit\cppconsoleprojects\cppconsoleprojects\x64\debug\asteroids.obj.enc
c:\users\hetur\onedrive\työpöytä\cpp_projektit\cppconsoleprojects\cppconsoleprojects\x64\debug\projectmenu.obj.enc
c:\users\hetur\onedrive\työpöytä\cpp_projektit\cppconsoleprojects\cppconsoleprojects\x64\debug\cppconso.65b4620a.tlog\cl.command.1.tlog
c:\users\hetur\onedrive\työpöytä\cpp_projektit\cppconsoleprojects\cppconsoleprojects\x64\debug\cppconso.65b4620a.tlog\cl.read.1.tlog
c:\users\hetur\onedrive\työpöytä\cpp_projektit\cppconsoleprojects\cppconsoleprojects\x64\debug\cppconso.65b4620a.tlog\cl.write.1.tlog
c:\users\hetur\onedrive\työpöytä\cpp_projektit\cppconsoleprojects\cppconsoleprojects\x64\debug\cppconso.65b4620a.tlog\link.command.1.tlog
c:\users\hetur\onedrive\työpöytä\cpp_projektit\cppconsoleprojects\cppconsoleprojects\x64\debug\cppconso.65b4620a.tlog\link.read.1.tlog
c:\users\hetur\onedrive\työpöytä\cpp_projektit\cppconsoleprojects\cppconsoleprojects\x64\debug\cppconso.65b4620a.tlog\link.write.1.tlog
