  Racing.cpp
C:\Users\hetur\OneDrive\Työpöytä\Cpp_Projektit\CppConsoleProjects\CppConsoleProjects\ConsoleEngine.h(310,1): warning C4267: 'initializing': conversion from 'size_t' to 'int', possible loss of data
C:\Users\hetur\OneDrive\Työpöytä\Cpp_Projektit\CppConsoleProjects\CppConsoleProjects\Racing.cpp(142,22): warning C4244: 'initializing': conversion from 'double' to 'float', possible loss of data
C:\Users\hetur\OneDrive\Työpöytä\Cpp_Projektit\CppConsoleProjects\CppConsoleProjects\Racing.cpp(162,18): warning C4244: 'initializing': conversion from 'float' to 'int', possible loss of data
C:\Users\hetur\OneDrive\Työpöytä\Cpp_Projektit\CppConsoleProjects\CppConsoleProjects\Racing.cpp(163,21): warning C4244: 'initializing': conversion from 'float' to 'int', possible loss of data
C:\Users\hetur\OneDrive\Työpöytä\Cpp_Projektit\CppConsoleProjects\CppConsoleProjects\Racing.cpp(164,18): warning C4244: 'initializing': conversion from 'float' to 'int', possible loss of data
C:\Users\hetur\OneDrive\Työpöytä\Cpp_Projektit\CppConsoleProjects\CppConsoleProjects\Racing.cpp(165,22): warning C4244: 'initializing': conversion from 'float' to 'int', possible loss of data
C:\Users\hetur\OneDrive\Työpöytä\Cpp_Projektit\CppConsoleProjects\CppConsoleProjects\Racing.cpp(212,15): warning C4244: 'initializing': conversion from 'float' to 'int', possible loss of data
C:\Users\hetur\OneDrive\Työpöytä\Cpp_Projektit\CppConsoleProjects\CppConsoleProjects\Racing.cpp(213,15): warning C4244: 'initializing': conversion from 'float' to 'int', possible loss of data
C:\Users\hetur\OneDrive\Työpöytä\Cpp_Projektit\CppConsoleProjects\CppConsoleProjects\Racing.cpp(214,20): warning C4244: 'initializing': conversion from 'float' to 'int', possible loss of data
C:\Program Files\Microsoft Visual Studio\2022\Community\VC\Tools\MSVC\14.32.31326\include\utility(247,16): warning C4244: 'initializing': conversion from '_Ty' to '_Ty1', possible loss of data
          with
          [
              _Ty=double
          ]
          and
          [
              _Ty1=float
          ]
C:\Users\hetur\OneDrive\Työpöytä\Cpp_Projektit\CppConsoleProjects\CppConsoleProjects\Racing.cpp(22): message : see reference to function template instantiation 'std::pair<float,float>::pair<double,float,0>(std::pair<double,float> &&) noexcept' being compiled
C:\Users\hetur\OneDrive\Työpöytä\Cpp_Projektit\CppConsoleProjects\CppConsoleProjects\Racing.cpp(22): message : see reference to function template instantiation 'std::pair<float,float>::pair<double,float,0>(std::pair<double,float> &&) noexcept' being compiled
  CppConsoleProjects.vcxproj -> C:\Users\hetur\OneDrive\Työpöytä\Cpp_Projektit\CppConsoleProjects\x64\Debug\CppConsoleProjects.exe
